infix: 2+3*4
infix: 2+3*4

 1:  Infix   14.00 = 2+3*4postfix: 2 3 4 * + 

   Postfix   14.00 = 2 3 4 * + 
infix: (2+3)*4
infix: (2+3)*4

 2:  Infix   20.00 = (2+3)*4postfix: 2 3 + 4 * 

   Postfix   20.00 = 2 3 + 4 * 
infix: 5-2-1
infix: 5-2-1

 3:  Infix    2.00 = 5-2-1postfix: 5 2 - 1 - 

   Postfix    2.00 = 5 2 - 1 - 
infix: 9-16/2^3
infix: 9-16/2^3

 4:  Infix    7.00 = 9-16/2^3postfix: 9 16 2 3 ^ / - 

   Postfix    7.00 = 9 16 2 3 ^ / - 
infix: 4+(5/4)+3/((5/3-2.4)*(5-7))
infix: 4+(5/4)+3/((5/3-2.4)*(5-7))

 5:  Infix    7.30 = 4+(5/4)+3/((5/3-2.4)*(5-7))postfix: 4 5 4 / + 3 5 3 / 2.4 - 5 7 - * / + 

   Postfix    7.30 = 4 5 4 / + 3 5 3 / 2.4 - 5 7 - * / + 
infix: (22-(45*(7-6)+3)*9)+4+6/2
infix: (22-(45*(7-6)+3)*9)+4+6/2

 6:  Infix -403.00 = (22-(45*(7-6)+3)*9)+4+6/2postfix: 22 45 7 6 - * 3 + 9 * - 4 + 6 2 / + 

   Postfix -403.00 = 22 45 7 6 - * 3 + 9 * - 4 + 6 2 / + 
infix: 100-(((3*(2+(4-6*(2/5))+(5-4)))))*(2/9+2)
infix: 100-(((3*(2+(4-6*(2/5))+(5-4)))))*(2/9+2)

 7:  Infix   69.33 = 100-(((3*(2+(4-6*(2/5))+(5-4)))))*(2/9+2)postfix: 100 3 2 4 6 2 5 / * - + 5 4 - + * 2 9 / 2 + * - 

   Postfix   69.33 = 100 3 2 4 6 2 5 / * - + 5 4 - + * 2 9 / 2 + * - 
infix: 48-4-5-6+7-8-(19-7)
infix: 48-4-5-6+7-8-(19-7)

 8:  Infix   20.00 = 48-4-5-6+7-8-(19-7)postfix: 48 4 - 5 - 6 - 7 + 8 - 19 7 - - 

   Postfix   20.00 = 48 4 - 5 - 6 - 7 + 8 - 19 7 - - 
infix: 4/5+3*2^3
infix: 4/5+3*2^3

 9:  Infix   24.80 = 4/5+3*2^3postfix: 4 5 / 3 2 3 ^ * + 

   Postfix   24.80 = 4 5 / 3 2 3 ^ * + 
infix: 34/23+23/(45-5*9)+2

10  *******  Error = You can't divide by zero! : 34/23+23/(45-5*9)+2
    *******  Error = You can't divide by zero! : 34 23 / 23 45 5 9 * - / + 2 + 
infix: 79-34-982+23-5-6*6/4
infix: 79-34-982+23-5-6*6/4

11:  Infix -928.00 = 79-34-982+23-5-6*6/4postfix: 79 34 - 982 - 23 + 5 - 6 6 * 4 / - 

   Postfix -928.00 = 79 34 - 982 - 23 + 5 - 6 6 * 4 / - 

12  *******  Error = Poorly formed expression.  Each '(' must have a ')'! : (2.2-(4.5*(7-.6)+3)*9))+4+6/2
infix: 2^1.3^2^(1+1)
infix: 2^1.3^2^(1+1)

13:  Infix    7.24 = 2^1.3^2^(1+1)postfix: 2 1.3 2 1 1 + ^ ^ ^ 

   Postfix    7.24 = 2 1.3 2 1 1 + ^ ^ ^ 
infix: 2^8^(1/3)
infix: 2^8^(1/3)

14:  Infix    4.00 = 2^8^(1/3)postfix: 2 8 1 3 / ^ ^ 

   Postfix    4.00 = 2 8 1 3 / ^ ^ 
infix: ((2^10)-3^2^2)*3/4+30/9-30
infix: ((2^10)-3^2^2)*3/4+30/9-30

15:  Infix  680.58 = ((2^10)-3^2^2)*3/4+30/9-30postfix: 2 10 ^ 3 2 2 ^ ^ - 3 * 4 / 30 9 / + 30 - 

   Postfix  680.58 = 2 10 ^ 3 2 2 ^ ^ - 3 * 4 / 30 9 / + 30 - 
infix: 2/(2^3^2-512)
infix: 2/(2^3^2-512)

16  *******  Error = You can't divide by zero! : 2/(2^3^2-512)
    *******  Error = You can't divide by zero! : 2 2 3 2 ^ ^ 512 - / 
infix: (5^3^(4-2))/((79-34)-982+23-5-6*6/4+250*4-8*9)
infix: (5^3^(4-2))/((79-34)-982+23-5-6*6/4+250*4-8*9)

17  *******  Error = You can't divide by zero! : (5^3^(4-2))/((79-34)-982+23-5-6*6/4+250*4-8*9)
    *******  Error = You can't divide by zero! : 5 3 4 2 - ^ ^ 79 34 - 982 - 23 + 5 - 6 6 * 4 / - 250 4 * + 8 9 * - / 
infix: (3+(4+6)*5-7)
infix: (3+(4+6)*5-7)

18:  Infix   46.00 = (3+(4+6)*5-7)postfix: 3 4 6 + 5 * + 7 - 

   Postfix   46.00 = 3 4 6 + 5 * + 7 - 
infix: 15-((((13*2+(42-26*(22/5)+(5-4))))*(2/9+2)))
infix: 15-((((13*2+(42-26*(22/5)+(5-4))))*(2/9+2)))

19:  Infix  115.89 = 15-((((13*2+(42-26*(22/5)+(5-4))))*(2/9+2)))postfix: 15 13 2 * 42 26 22 5 / * - 5 4 - + + 2 9 / 2 + * - 

   Postfix  115.89 = 15 13 2 * 42 26 22 5 / * - 5 4 - + + 2 9 / 2 + * - 

20  *******  Error = Poorly formed expression.  Each '(' must have a ')'! : 10-(1+2+3

21  *******  Error = Poorly formed expression.  Each '(' must have a ')'! : 10-1)+2+3

22  *******  Error = Poorly formed expression.  Each '(' must have a ')'! : (10-1+2+3

23  *******  Error = Poorly formed expression.  Each '(' must have a ')'! : 10-(1+2+3))

24  *******  Error = Missing operator before '('. : 10(-2+2)

25  *******  Error = Operators must be followed by a numeric value or '('. : 1+(2*3+)4
